<?xml version="1.0" encoding="UTF-8"?>
<testsuite xmlns:xsi="http://www.w3.org/2001/XMLSchema-instance" xsi:noNamespaceSchemaLocation="https://maven.apache.org/surefire/maven-surefire-plugin/xsd/surefire-test-report-3.0.xsd" version="3.0" name="com.apress.pss01_security.Pss01SecurityApplicationTests" time="18.564" tests="1" errors="0" skipped="0" failures="0">
  <properties>
[...]
</properties>
  <testcase name="contextLoads" classname="com.apress.pss01_security.Pss01SecurityApplicationTests" time="3.17">
    <system-out><![CDATA[19:45:01.777 [main] INFO org.springframework.test.context.support.AnnotationConfigContextLoaderUtils -- Could not detect default configuration classes for test class [com.apress.pss01_security.Pss01SecurityApplicationTests]: Pss01SecurityApplicationTests does not declare any static, non-private, non-final, nested classes annotated with @Configuration.
19:45:03.033 [main] INFO org.springframework.boot.test.context.SpringBootTestContextBootstrapper -- Found @SpringBootConfiguration com.apress.pss01_security.Pss01SecurityApplication for test class com.apress.pss01_security.Pss01SecurityApplicationTests

  .   ____          _            __ _ _
 /\\ / ___'_ __ _ _(_)_ __  __ _ \ \ \ \
( ( )\___ | '_ | '_| | '_ \/ _` | \ \ \ \
 \\/  ___)| |_)| | | | | || (_| |  ) ) ) )
  '  |____| .__|_| |_|_| |_\__, | / / / /
 =========|_|==============|___/=/_/_/_/
 :: Spring Boot ::                (v3.1.0)

2023-06-30T19:45:05.512+03:00  INFO 5460 --- [           main] c.a.p.Pss01SecurityApplicationTests      : Starting Pss01SecurityApplicationTests using Java 20.0.1 with PID 5460 (started by Omistaja in C:\varie\Apress\Spring Security 6\new code\chap5\pss01_security)
2023-06-30T19:45:05.516+03:00  INFO 5460 --- [           main] c.a.p.Pss01SecurityApplicationTests      : No active profile set, falling back to 1 default profile: "default"
2023-06-30T19:45:15.014+03:00  INFO 5460 --- [           main] o.s.s.web.DefaultSecurityFilterChain     : Will secure any request with [org.springframework.security.web.session.DisableEncodeUrlFilter@40d23c82, org.springframework.security.web.session.ForceEagerSessionCreationFilter@7cf78c85, org.springframework.security.web.context.request.async.WebAsyncManagerIntegrationFilter@ebe067d, org.springframework.security.web.context.SecurityContextHolderFilter@3c380bd8, org.springframework.security.web.header.HeaderWriterFilter@286090c, org.springframework.security.web.csrf.CsrfFilter@6d2a2560, org.springframework.security.web.authentication.logout.LogoutFilter@6bcc3f27, org.springframework.security.web.authentication.UsernamePasswordAuthenticationFilter@208f0007, org.springframework.security.web.session.ConcurrentSessionFilter@350ec690, org.springframework.security.web.savedrequest.RequestCacheAwareFilter@47768e74, org.springframework.security.web.servletapi.SecurityContextHolderAwareRequestFilter@5fef2aac, org.springframework.security.web.authentication.rememberme.RememberMeAuthenticationFilter@590f0c50, org.springframework.security.web.authentication.AnonymousAuthenticationFilter@3a4ab7f7, org.springframework.security.web.session.SessionManagementFilter@3df1a1ac, org.springframework.security.web.access.ExceptionTranslationFilter@6f6c6077, org.springframework.security.web.access.intercept.AuthorizationFilter@2e86807a]
2023-06-30T19:45:15.735+03:00  INFO 5460 --- [           main] c.a.p.Pss01SecurityApplicationTests      : Started Pss01SecurityApplicationTests in 11.546 seconds (process running for 17.911)
]]></system-out>
  </testcase>
</testsuite>